<?xml version="1.0" encoding="UTF-8"?>
<!-- Generated by org.testng.reporters.JUnitReportReporter -->
<testsuite skipped="0" hostname="DESKTOP-N5CTOJG" name="com.actitime.tests.ValidLoginLogoutTest" tests="1" failures="0" timestamp="29 Jan 2020 13:45:11 GMT" time="18.295" errors="0">
  <testcase name="testValidLoginLogout" time="18.295" classname="com.actitime.tests.ValidLoginLogoutTest"/>
</testsuite> <!-- com.actitime.tests.ValidLoginLogoutTest -->
